# JRE version: OpenJDK Runtime Environment Temurin-21.0.7+6 (21.0.7+6) (build 21.0.7+6-LTS)
# Java VM: OpenJDK 64-Bit Server VM Temurin-21.0.7+6 (21.0.7+6-LTS, mixed mode, sharing, tiered, compressed oops, compressed class ptrs, g1 gc, windows-amd64)
GC Precious Log:
 CardTable entry size: 512
 Card Set container configuration: InlinePtr #cards 5 size 8 Array Of Cards #cards 12 size 40 Howl #buckets 4 coarsen threshold 1843 Howl Bitmap #cards 512 size 80 coarsen threshold 460 Card regions per heap region 1 cards per card region 2048
 CPUs: 12 total, 12 available
 Memory: 7520M
 Large Page Support: Disabled
 NUMA Support: Disabled
 Compressed Oops: Enabled (32-bit)
 Heap Region Size: 1M
 Heap Min Capacity: 8M
 Heap Initial Capacity: 118M
 Heap Max Capacity: 2G
 Pre-touch: Disabled
 Parallel Workers: 10
 Concurrent Workers: 3
 Concurrent Refinement Workers: 10
 Periodic GC: Disabled
Heap:
 garbage-first heap   total 88064K, used 71331K [0x0000000080000000, 0x0000000100000000)
  region size 1024K, 36 young (36864K), 6 survivors (6144K)
 Metaspace       used 51377K, committed 53120K, reserved 1114112K
  class space    used 7272K, committed 8128K, reserved 1048576K
GC Heap History (20 events):
Event: 1.152 GC heap before
{Heap before GC invocations=1 (full 0):
 garbage-first heap   total 120832K, used 40496K [0x0000000080000000, 0x0000000100000000)
  region size 1024K, 32 young (32768K), 3 survivors (3072K)
 Metaspace       used 4135K, committed 4288K, reserved 1114112K
  class space    used 495K, committed 576K, reserved 1048576K
}
Event: 1.157 GC heap after
{Heap after GC invocations=2 (full 0):
 garbage-first heap   total 120832K, used 11896K [0x0000000080000000, 0x0000000100000000)
  region size 1024K, 1 young (1024K), 1 survivors (1024K)
 Metaspace       used 4135K, committed 4288K, reserved 1114112K
  class space    used 495K, committed 576K, reserved 1048576K
}
Event: 2.525 GC heap before
{Heap before GC invocations=2 (full 0):
 garbage-first heap   total 120832K, used 82552K [0x0000000080000000, 0x0000000100000000)
  region size 1024K, 70 young (71680K), 1 survivors (1024K)
 Metaspace       used 16218K, committed 16768K, reserved 1114112K
  class space    used 2207K, committed 2432K, reserved 1048576K
}
Event: 2.532 GC heap after
{Heap after GC invocations=3 (full 0):
 garbage-first heap   total 120832K, used 21201K [0x0000000080000000, 0x0000000100000000)
  region size 1024K, 9 young (9216K), 9 survivors (9216K)
 Metaspace       used 16218K, committed 16768K, reserved 1114112K
  class space    used 2207K, committed 2432K, reserved 1048576K
}
Event: 3.280 GC heap before
{Heap before GC invocations=3 (full 0):
 garbage-first heap   total 120832K, used 52945K [0x0000000080000000, 0x0000000100000000)
  region size 1024K, 42 young (43008K), 9 survivors (9216K)
 Metaspace       used 20907K, committed 21504K, reserved 1114112K
  class space    used 2975K, committed 3264K, reserved 1048576K
}
Event: 3.288 GC heap after
{Heap after GC invocations=4 (full 0):
 garbage-first heap   total 120832K, used 24096K [0x0000000080000000, 0x0000000100000000)
  region size 1024K, 3 young (3072K), 3 survivors (3072K)
 Metaspace       used 20907K, committed 21504K, reserved 1114112K
  class space    used 2975K, committed 3264K, reserved 1048576K
}
Event: 4.528 GC heap before
{Heap before GC invocations=5 (full 0):
 garbage-first heap   total 81920K, used 81440K [0x0000000080000000, 0x0000000100000000)
  region size 1024K, 59 young (60416K), 3 survivors (3072K)
 Metaspace       used 28308K, committed 29504K, reserved 1114112K
  class space    used 4193K, committed 4800K, reserved 1048576K
}
Event: 4.533 GC heap after
{Heap after GC invocations=6 (full 0):
 garbage-first heap   total 88064K, used 26863K [0x0000000080000000, 0x0000000100000000)
  region size 1024K, 6 young (6144K), 6 survivors (6144K)
 Metaspace       used 28308K, committed 29504K, reserved 1114112K
  class space    used 4193K, committed 4800K, reserved 1048576K
}
Event: 5.184 GC heap before
{Heap before GC invocations=6 (full 0):
 garbage-first heap   total 88064K, used 57583K [0x0000000080000000, 0x0000000100000000)
  region size 1024K, 38 young (38912K), 6 survivors (6144K)
 Metaspace       used 34869K, committed 36096K, reserved 1114112K
  class space    used 5001K, committed 5632K, reserved 1048576K
}
Event: 5.190 GC heap after
{Heap after GC invocations=7 (full 0):
 garbage-first heap   total 88064K, used 30495K [0x0000000080000000, 0x0000000100000000)
  region size 1024K, 7 young (7168K), 7 survivors (7168K)
 Metaspace       used 34869K, committed 36096K, reserved 1114112K
  class space    used 5001K, committed 5632K, reserved 1048576K
}
Event: 5.211 GC heap before
{Heap before GC invocations=7 (full 0):
 garbage-first heap   total 88064K, used 30495K [0x0000000080000000, 0x0000000100000000)
  region size 1024K, 8 young (8192K), 7 survivors (7168K)
 Metaspace       used 35215K, committed 36416K, reserved 1114112K
  class space    used 5018K, committed 5632K, reserved 1048576K
}
Event: 5.214 GC heap after
{Heap after GC invocations=8 (full 0):
 garbage-first heap   total 88064K, used 31021K [0x0000000080000000, 0x0000000100000000)
  region size 1024K, 2 young (2048K), 2 survivors (2048K)
 Metaspace       used 35215K, committed 36416K, reserved 1114112K
  class space    used 5018K, committed 5632K, reserved 1048576K
}
Event: 5.892 GC heap before
{Heap before GC invocations=9 (full 0):
 garbage-first heap   total 88064K, used 79149K [0x0000000080000000, 0x0000000100000000)
  region size 1024K, 45 young (46080K), 2 survivors (2048K)
 Metaspace       used 38100K, committed 39488K, reserved 1114112K
  class space    used 5334K, committed 6016K, reserved 1048576K
}
Event: 5.896 GC heap after
{Heap after GC invocations=10 (full 0):
 garbage-first heap   total 88064K, used 33804K [0x0000000080000000, 0x0000000100000000)
  region size 1024K, 4 young (4096K), 4 survivors (4096K)
 Metaspace       used 38100K, committed 39488K, reserved 1114112K
  class space    used 5334K, committed 6016K, reserved 1048576K
}
Event: 6.757 GC heap before
{Heap before GC invocations=10 (full 0):
 garbage-first heap   total 88064K, used 75788K [0x0000000080000000, 0x0000000100000000)
  region size 1024K, 45 young (46080K), 4 survivors (4096K)
 Metaspace       used 42388K, committed 43968K, reserved 1114112K
  class space    used 6037K, committed 6848K, reserved 1048576K
}
Event: 6.761 GC heap after
{Heap after GC invocations=11 (full 0):
 garbage-first heap   total 88064K, used 36075K [0x0000000080000000, 0x0000000100000000)
  region size 1024K, 3 young (3072K), 3 survivors (3072K)
 Metaspace       used 42388K, committed 43968K, reserved 1114112K
  class space    used 6037K, committed 6848K, reserved 1048576K
}
Event: 7.434 GC heap before
{Heap before GC invocations=11 (full 0):
 garbage-first heap   total 88064K, used 78059K [0x0000000080000000, 0x0000000100000000)
  region size 1024K, 43 young (44032K), 3 survivors (3072K)
 Metaspace       used 48026K, committed 49664K, reserved 1114112K
  class space    used 6824K, committed 7680K, reserved 1048576K
}
Event: 7.438 GC heap after
{Heap after GC invocations=12 (full 0):
 garbage-first heap   total 88064K, used 38709K [0x0000000080000000, 0x0000000100000000)
  region size 1024K, 6 young (6144K), 6 survivors (6144K)
 Metaspace       used 48026K, committed 49664K, reserved 1114112K
  class space    used 6824K, committed 7680K, reserved 1048576K
}
Event: 8.247 GC heap before
{Heap before GC invocations=12 (full 0):
 garbage-first heap   total 88064K, used 75573K [0x0000000080000000, 0x0000000100000000)
  region size 1024K, 42 young (43008K), 6 survivors (6144K)
 Metaspace       used 50918K, committed 52672K, reserved 1114112K
  class space    used 7228K, committed 8064K, reserved 1048576K
}
Event: 8.252 GC heap after
{Heap after GC invocations=13 (full 0):
 garbage-first heap   total 88064K, used 42659K [0x0000000080000000, 0x0000000100000000)
  region size 1024K, 6 young (6144K), 6 survivors (6144K)
 Metaspace       used 50918K, committed 52672K, reserved 1114112K
  class space    used 7228K, committed 8064K, reserved 1048576K
}

