# JRE version: OpenJDK Runtime Environment Temurin-21.0.8+9 (21.0.8+9) (build 21.0.8+9-LTS)
# Java VM: OpenJDK 64-Bit Server VM Temurin-21.0.8+9 (21.0.8+9-LTS, mixed mode, sharing, tiered, compressed oops, compressed class ptrs, parallel gc, windows-amd64)
GC Precious Log:
 CardTable entry size: 512
 CPUs: 12 total, 12 available
 Memory: 7520M
 Large Page Support: Disabled
 NUMA Support: Disabled
 Compressed Oops: Enabled (32-bit)
 Alignments: Space 512K, Generation 512K, Heap 2M
 Heap Min Capacity: 100M
 Heap Initial Capacity: 100M
 Heap Max Capacity: 2G
 Pre-touch: Disabled
 Parallel Workers: 10
Heap:
 PSYoungGen      total 6656K, used 2541K [0x00000000d5580000, 0x00000000d5f80000, 0x0000000100000000)
  eden space 6144K, 33% used [0x00000000d5580000,0x00000000d577e7d8,0x00000000d5b80000)
  from space 512K, 97% used [0x00000000d5c00000,0x00000000d5c7cd38,0x00000000d5c80000)
  to   space 2048K, 0% used [0x00000000d5d80000,0x00000000d5d80000,0x00000000d5f80000)
 ParOldGen       total 621056K, used 620613K [0x0000000080000000, 0x00000000a5e80000, 0x00000000d5580000)
  object space 621056K, 99% used [0x0000000080000000,0x00000000a5e117c0,0x00000000a5e80000)
 Metaspace       used 81953K, committed 83584K, reserved 1179648K
  class space    used 9032K, committed 9792K, reserved 1048576K
GC Heap History (20 events):
Event: 2785.464 GC heap before
{Heap before GC invocations=533 (full 3):
 PSYoungGen      total 7168K, used 7142K [0x00000000d5580000, 0x00000000d6180000, 0x0000000100000000)
  eden space 6144K, 100% used [0x00000000d5580000,0x00000000d5b80000,0x00000000d5b80000)
  from space 1024K, 97% used [0x00000000d5c80000,0x00000000d5d79a30,0x00000000d5d80000)
  to   space 3072K, 0% used [0x00000000d5e80000,0x00000000d5e80000,0x00000000d6180000)
 ParOldGen       total 617984K, used 617944K [0x0000000080000000, 0x00000000a5b80000, 0x00000000d5580000)
  object space 617984K, 99% used [0x0000000080000000,0x00000000a5b76150,0x00000000a5b80000)
 Metaspace       used 80916K, committed 82496K, reserved 1179648K
  class space    used 8931K, committed 9664K, reserved 1048576K
}
Event: 2785.470 GC heap after
{Heap after GC invocations=533 (full 3):
 PSYoungGen      total 8704K, used 2147K [0x00000000d5580000, 0x00000000d6100000, 0x0000000100000000)
  eden space 6144K, 0% used [0x00000000d5580000,0x00000000d5580000,0x00000000d5b80000)
  from space 2560K, 83% used [0x00000000d5e80000,0x00000000d6098d48,0x00000000d6100000)
  to   space 2560K, 0% used [0x00000000d5c00000,0x00000000d5c00000,0x00000000d5e80000)
 ParOldGen       total 619008K, used 618766K [0x0000000080000000, 0x00000000a5c80000, 0x00000000d5580000)
  object space 619008K, 99% used [0x0000000080000000,0x00000000a5c43930,0x00000000a5c80000)
 Metaspace       used 80916K, committed 82496K, reserved 1179648K
  class space    used 8931K, committed 9664K, reserved 1048576K
}
Event: 2785.592 GC heap before
{Heap before GC invocations=534 (full 3):
 PSYoungGen      total 8704K, used 8291K [0x00000000d5580000, 0x00000000d6100000, 0x0000000100000000)
  eden space 6144K, 100% used [0x00000000d5580000,0x00000000d5b80000,0x00000000d5b80000)
  from space 2560K, 83% used [0x00000000d5e80000,0x00000000d6098d48,0x00000000d6100000)
  to   space 2560K, 0% used [0x00000000d5c00000,0x00000000d5c00000,0x00000000d5e80000)
 ParOldGen       total 619008K, used 618766K [0x0000000080000000, 0x00000000a5c80000, 0x00000000d5580000)
  object space 619008K, 99% used [0x0000000080000000,0x00000000a5c43930,0x00000000a5c80000)
 Metaspace       used 81401K, committed 82944K, reserved 1179648K
  class space    used 9009K, committed 9728K, reserved 1048576K
}
Event: 2785.596 GC heap after
{Heap after GC invocations=534 (full 3):
 PSYoungGen      total 6656K, used 416K [0x00000000d5580000, 0x00000000d5f00000, 0x0000000100000000)
  eden space 6144K, 0% used [0x00000000d5580000,0x00000000d5580000,0x00000000d5b80000)
  from space 512K, 81% used [0x00000000d5c00000,0x00000000d5c68000,0x00000000d5c80000)
  to   space 1536K, 0% used [0x00000000d5d80000,0x00000000d5d80000,0x00000000d5f00000)
 ParOldGen       total 619520K, used 619199K [0x0000000080000000, 0x00000000a5d00000, 0x00000000d5580000)
  object space 619520K, 99% used [0x0000000080000000,0x00000000a5cafd70,0x00000000a5d00000)
 Metaspace       used 81401K, committed 82944K, reserved 1179648K
  class space    used 9009K, committed 9728K, reserved 1048576K
}
Event: 2785.647 GC heap before
{Heap before GC invocations=535 (full 3):
 PSYoungGen      total 6656K, used 6560K [0x00000000d5580000, 0x00000000d5f00000, 0x0000000100000000)
  eden space 6144K, 100% used [0x00000000d5580000,0x00000000d5b80000,0x00000000d5b80000)
  from space 512K, 81% used [0x00000000d5c00000,0x00000000d5c68000,0x00000000d5c80000)
  to   space 1536K, 0% used [0x00000000d5d80000,0x00000000d5d80000,0x00000000d5f00000)
 ParOldGen       total 619520K, used 619199K [0x0000000080000000, 0x00000000a5d00000, 0x00000000d5580000)
  object space 619520K, 99% used [0x0000000080000000,0x00000000a5cafd70,0x00000000a5d00000)
 Metaspace       used 81422K, committed 83008K, reserved 1179648K
  class space    used 9011K, committed 9728K, reserved 1048576K
}
Event: 2785.649 GC heap after
{Heap after GC invocations=535 (full 3):
 PSYoungGen      total 6656K, used 256K [0x00000000d5580000, 0x00000000d5e00000, 0x0000000100000000)
  eden space 6144K, 0% used [0x00000000d5580000,0x00000000d5580000,0x00000000d5b80000)
  from space 512K, 50% used [0x00000000d5d80000,0x00000000d5dc0000,0x00000000d5e00000)
  to   space 512K, 0% used [0x00000000d5c00000,0x00000000d5c00000,0x00000000d5c80000)
 ParOldGen       total 619520K, used 619399K [0x0000000080000000, 0x00000000a5d00000, 0x00000000d5580000)
  object space 619520K, 99% used [0x0000000080000000,0x00000000a5ce1d70,0x00000000a5d00000)
 Metaspace       used 81422K, committed 83008K, reserved 1179648K
  class space    used 9011K, committed 9728K, reserved 1048576K
}
Event: 2785.709 GC heap before
{Heap before GC invocations=536 (full 3):
 PSYoungGen      total 6656K, used 6400K [0x00000000d5580000, 0x00000000d5e00000, 0x0000000100000000)
  eden space 6144K, 100% used [0x00000000d5580000,0x00000000d5b80000,0x00000000d5b80000)
  from space 512K, 50% used [0x00000000d5d80000,0x00000000d5dc0000,0x00000000d5e00000)
  to   space 512K, 0% used [0x00000000d5c00000,0x00000000d5c00000,0x00000000d5c80000)
 ParOldGen       total 619520K, used 619399K [0x0000000080000000, 0x00000000a5d00000, 0x00000000d5580000)
  object space 619520K, 99% used [0x0000000080000000,0x00000000a5ce1d70,0x00000000a5d00000)
 Metaspace       used 81521K, committed 83136K, reserved 1179648K
  class space    used 9014K, committed 9792K, reserved 1048576K
}
Event: 2785.712 GC heap after
{Heap after GC invocations=536 (full 3):
 PSYoungGen      total 6656K, used 320K [0x00000000d5580000, 0x00000000d5e00000, 0x0000000100000000)
  eden space 6144K, 0% used [0x00000000d5580000,0x00000000d5580000,0x00000000d5b80000)
  from space 512K, 62% used [0x00000000d5c00000,0x00000000d5c50000,0x00000000d5c80000)
  to   space 512K, 0% used [0x00000000d5d80000,0x00000000d5d80000,0x00000000d5e00000)
 ParOldGen       total 619520K, used 619471K [0x0000000080000000, 0x00000000a5d00000, 0x00000000d5580000)
  object space 619520K, 99% used [0x0000000080000000,0x00000000a5cf3d70,0x00000000a5d00000)
 Metaspace       used 81521K, committed 83136K, reserved 1179648K
  class space    used 9014K, committed 9792K, reserved 1048576K
}
Event: 2785.775 GC heap before
{Heap before GC invocations=537 (full 3):
 PSYoungGen      total 6656K, used 6464K [0x00000000d5580000, 0x00000000d5e00000, 0x0000000100000000)
  eden space 6144K, 100% used [0x00000000d5580000,0x00000000d5b80000,0x00000000d5b80000)
  from space 512K, 62% used [0x00000000d5c00000,0x00000000d5c50000,0x00000000d5c80000)
  to   space 512K, 0% used [0x00000000d5d80000,0x00000000d5d80000,0x00000000d5e00000)
 ParOldGen       total 619520K, used 619471K [0x0000000080000000, 0x00000000a5d00000, 0x00000000d5580000)
  object space 619520K, 99% used [0x0000000080000000,0x00000000a5cf3d70,0x00000000a5d00000)
 Metaspace       used 81690K, committed 83328K, reserved 1179648K
  class space    used 9014K, committed 9792K, reserved 1048576K
}
Event: 2785.777 GC heap after
{Heap after GC invocations=537 (full 3):
 PSYoungGen      total 6656K, used 256K [0x00000000d5580000, 0x00000000d5e00000, 0x0000000100000000)
  eden space 6144K, 0% used [0x00000000d5580000,0x00000000d5580000,0x00000000d5b80000)
  from space 512K, 50% used [0x00000000d5d80000,0x00000000d5dc0000,0x00000000d5e00000)
  to   space 512K, 0% used [0x00000000d5c00000,0x00000000d5c00000,0x00000000d5c80000)
 ParOldGen       total 620032K, used 619535K [0x0000000080000000, 0x00000000a5d80000, 0x00000000d5580000)
  object space 620032K, 99% used [0x0000000080000000,0x00000000a5d03d70,0x00000000a5d80000)
 Metaspace       used 81690K, committed 83328K, reserved 1179648K
  class space    used 9014K, committed 9792K, reserved 1048576K
}
Event: 2785.813 GC heap before
{Heap before GC invocations=538 (full 3):
 PSYoungGen      total 6656K, used 6400K [0x00000000d5580000, 0x00000000d5e00000, 0x0000000100000000)
  eden space 6144K, 100% used [0x00000000d5580000,0x00000000d5b80000,0x00000000d5b80000)
  from space 512K, 50% used [0x00000000d5d80000,0x00000000d5dc0000,0x00000000d5e00000)
  to   space 512K, 0% used [0x00000000d5c00000,0x00000000d5c00000,0x00000000d5c80000)
 ParOldGen       total 620032K, used 619535K [0x0000000080000000, 0x00000000a5d80000, 0x00000000d5580000)
  object space 620032K, 99% used [0x0000000080000000,0x00000000a5d03d70,0x00000000a5d80000)
 Metaspace       used 81715K, committed 83328K, reserved 1179648K
  class space    used 9014K, committed 9792K, reserved 1048576K
}
Event: 2785.815 GC heap after
{Heap after GC invocations=538 (full 3):
 PSYoungGen      total 6656K, used 256K [0x00000000d5580000, 0x00000000d5e00000, 0x0000000100000000)
  eden space 6144K, 0% used [0x00000000d5580000,0x00000000d5580000,0x00000000d5b80000)
  from space 512K, 50% used [0x00000000d5c00000,0x00000000d5c40000,0x00000000d5c80000)
  to   space 512K, 0% used [0x00000000d5d80000,0x00000000d5d80000,0x00000000d5e00000)
 ParOldGen       total 620032K, used 619575K [0x0000000080000000, 0x00000000a5d80000, 0x00000000d5580000)
  object space 620032K, 99% used [0x0000000080000000,0x00000000a5d0dd70,0x00000000a5d80000)
 Metaspace       used 81715K, committed 83328K, reserved 1179648K
  class space    used 9014K, committed 9792K, reserved 1048576K
}
Event: 2787.150 GC heap before
{Heap before GC invocations=539 (full 3):
 PSYoungGen      total 6656K, used 6371K [0x00000000d5580000, 0x00000000d5e00000, 0x0000000100000000)
  eden space 6144K, 99% used [0x00000000d5580000,0x00000000d5b78cc8,0x00000000d5b80000)
  from space 512K, 50% used [0x00000000d5c00000,0x00000000d5c40000,0x00000000d5c80000)
  to   space 512K, 0% used [0x00000000d5d80000,0x00000000d5d80000,0x00000000d5e00000)
 ParOldGen       total 620032K, used 619575K [0x0000000080000000, 0x00000000a5d80000, 0x00000000d5580000)
  object space 620032K, 99% used [0x0000000080000000,0x00000000a5d0dd70,0x00000000a5d80000)
 Metaspace       used 81797K, committed 83456K, reserved 1179648K
  class space    used 9015K, committed 9792K, reserved 1048576K
}
Event: 2787.152 GC heap after
{Heap after GC invocations=539 (full 3):
 PSYoungGen      total 6656K, used 361K [0x00000000d5580000, 0x00000000d5e00000, 0x0000000100000000)
  eden space 6144K, 0% used [0x00000000d5580000,0x00000000d5580000,0x00000000d5b80000)
  from space 512K, 70% used [0x00000000d5d80000,0x00000000d5dda698,0x00000000d5e00000)
  to   space 512K, 0% used [0x00000000d5c00000,0x00000000d5c00000,0x00000000d5c80000)
 ParOldGen       total 620032K, used 619631K [0x0000000080000000, 0x00000000a5d80000, 0x00000000d5580000)
  object space 620032K, 99% used [0x0000000080000000,0x00000000a5d1bd70,0x00000000a5d80000)
 Metaspace       used 81797K, committed 83456K, reserved 1179648K
  class space    used 9015K, committed 9792K, reserved 1048576K
}
Event: 2820.990 GC heap before
{Heap before GC invocations=540 (full 3):
 PSYoungGen      total 6656K, used 6505K [0x00000000d5580000, 0x00000000d5e00000, 0x0000000100000000)
  eden space 6144K, 99% used [0x00000000d5580000,0x00000000d5b7fff8,0x00000000d5b80000)
  from space 512K, 70% used [0x00000000d5d80000,0x00000000d5dda698,0x00000000d5e00000)
  to   space 512K, 0% used [0x00000000d5c00000,0x00000000d5c00000,0x00000000d5c80000)
 ParOldGen       total 620032K, used 619631K [0x0000000080000000, 0x00000000a5d80000, 0x00000000d5580000)
  object space 620032K, 99% used [0x0000000080000000,0x00000000a5d1bd70,0x00000000a5d80000)
 Metaspace       used 81805K, committed 83456K, reserved 1179648K
  class space    used 9016K, committed 9792K, reserved 1048576K
}
Event: 2820.993 GC heap after
{Heap after GC invocations=540 (full 3):
 PSYoungGen      total 6656K, used 224K [0x00000000d5580000, 0x00000000d5e00000, 0x0000000100000000)
  eden space 6144K, 0% used [0x00000000d5580000,0x00000000d5580000,0x00000000d5b80000)
  from space 512K, 43% used [0x00000000d5c00000,0x00000000d5c38000,0x00000000d5c80000)
  to   space 512K, 0% used [0x00000000d5d80000,0x00000000d5d80000,0x00000000d5e00000)
 ParOldGen       total 620032K, used 619679K [0x0000000080000000, 0x00000000a5d80000, 0x00000000d5580000)
  object space 620032K, 99% used [0x0000000080000000,0x00000000a5d27d70,0x00000000a5d80000)
 Metaspace       used 81805K, committed 83456K, reserved 1179648K
  class space    used 9016K, committed 9792K, reserved 1048576K
}
Event: 2850.035 GC heap before
{Heap before GC invocations=541 (full 3):
 PSYoungGen      total 6656K, used 6367K [0x00000000d5580000, 0x00000000d5e00000, 0x0000000100000000)
  eden space 6144K, 99% used [0x00000000d5580000,0x00000000d5b7ffd8,0x00000000d5b80000)
  from space 512K, 43% used [0x00000000d5c00000,0x00000000d5c38000,0x00000000d5c80000)
  to   space 512K, 0% used [0x00000000d5d80000,0x00000000d5d80000,0x00000000d5e00000)
 ParOldGen       total 620032K, used 619679K [0x0000000080000000, 0x00000000a5d80000, 0x00000000d5580000)
  object space 620032K, 99% used [0x0000000080000000,0x00000000a5d27d70,0x00000000a5d80000)
 Metaspace       used 81914K, committed 83520K, reserved 1179648K
  class space    used 9032K, committed 9792K, reserved 1048576K
}
Event: 2850.039 GC heap after
{Heap after GC invocations=541 (full 3):
 PSYoungGen      total 6656K, used 224K [0x00000000d5580000, 0x00000000d5e00000, 0x0000000100000000)
  eden space 6144K, 0% used [0x00000000d5580000,0x00000000d5580000,0x00000000d5b80000)
  from space 512K, 43% used [0x00000000d5d80000,0x00000000d5db8000,0x00000000d5e00000)
  to   space 512K, 0% used [0x00000000d5c00000,0x00000000d5c00000,0x00000000d5c80000)
 ParOldGen       total 620032K, used 619719K [0x0000000080000000, 0x00000000a5d80000, 0x00000000d5580000)
  object space 620032K, 99% used [0x0000000080000000,0x00000000a5d31d70,0x00000000a5d80000)
 Metaspace       used 81914K, committed 83520K, reserved 1179648K
  class space    used 9032K, committed 9792K, reserved 1048576K
}
Event: 4079.137 GC heap before
{Heap before GC invocations=542 (full 3):
 PSYoungGen      total 6656K, used 6368K [0x00000000d5580000, 0x00000000d5e00000, 0x0000000100000000)
  eden space 6144K, 100% used [0x00000000d5580000,0x00000000d5b80000,0x00000000d5b80000)
  from space 512K, 43% used [0x00000000d5d80000,0x00000000d5db8000,0x00000000d5e00000)
  to   space 512K, 0% used [0x00000000d5c00000,0x00000000d5c00000,0x00000000d5c80000)
 ParOldGen       total 620032K, used 619719K [0x0000000080000000, 0x00000000a5d80000, 0x00000000d5580000)
  object space 620032K, 99% used [0x0000000080000000,0x00000000a5d31d70,0x00000000a5d80000)
 Metaspace       used 81950K, committed 83584K, reserved 1179648K
  class space    used 9032K, committed 9792K, reserved 1048576K
}
Event: 4079.325 GC heap after
{Heap after GC invocations=542 (full 3):
 PSYoungGen      total 6656K, used 499K [0x00000000d5580000, 0x00000000d5f80000, 0x0000000100000000)
  eden space 6144K, 0% used [0x00000000d5580000,0x00000000d5580000,0x00000000d5b80000)
  from space 512K, 97% used [0x00000000d5c00000,0x00000000d5c7cd38,0x00000000d5c80000)
  to   space 2048K, 0% used [0x00000000d5d80000,0x00000000d5d80000,0x00000000d5f80000)
 ParOldGen       total 621056K, used 620613K [0x0000000080000000, 0x00000000a5e80000, 0x00000000d5580000)
  object space 621056K, 99% used [0x0000000080000000,0x00000000a5e117c0,0x00000000a5e80000)
 Metaspace       used 81950K, committed 83584K, reserved 1179648K
  class space    used 9032K, committed 9792K, reserved 1048576K
}

