# JRE version: OpenJDK Runtime Environment Temurin-21.0.8+9 (21.0.8+9) (build 21.0.8+9-LTS)
# Java VM: OpenJDK 64-Bit Server VM Temurin-21.0.8+9 (21.0.8+9-LTS, mixed mode, sharing, tiered, compressed oops, compressed class ptrs, parallel gc, windows-amd64)
GC Precious Log:
 CardTable entry size: 512
 CPUs: 12 total, 12 available
 Memory: 7520M
 Large Page Support: Disabled
 NUMA Support: Disabled
 Compressed Oops: Enabled (32-bit)
 Alignments: Space 512K, Generation 512K, Heap 2M
 Heap Min Capacity: 100M
 Heap Initial Capacity: 100M
 Heap Max Capacity: 2G
 Pre-touch: Disabled
 Parallel Workers: 10
Heap:
 PSYoungGen      total 5120K, used 4689K [0x00000000d5580000, 0x00000000d5d00000, 0x0000000100000000)
  eden space 2560K, 100% used [0x00000000d5580000,0x00000000d5800000,0x00000000d5800000)
  from space 2560K, 83% used [0x00000000d5a80000,0x00000000d5c94630,0x00000000d5d00000)
  to   space 2560K, 23% used [0x00000000d5800000,0x00000000d5895fd0,0x00000000d5a80000)
 ParOldGen       total 606208K, used 606202K [0x0000000080000000, 0x00000000a5000000, 0x00000000d5580000)
  object space 606208K, 99% used [0x0000000080000000,0x00000000a4ffe828,0x00000000a5000000)
 Metaspace       used 78694K, committed 80320K, reserved 1179648K
  class space    used 9375K, committed 10112K, reserved 1048576K
GC Heap History (20 events):
Event: 58.383 GC heap after
{Heap after GC invocations=790 (full 3):
 PSYoungGen      total 2048K, used 512K [0x00000000d5580000, 0x00000000d5800000, 0x0000000100000000)
  eden space 1536K, 0% used [0x00000000d5580000,0x00000000d5580000,0x00000000d5700000)
  from space 512K, 100% used [0x00000000d5700000,0x00000000d5780000,0x00000000d5780000)
  to   space 512K, 0% used [0x00000000d5780000,0x00000000d5780000,0x00000000d5800000)
 ParOldGen       total 598528K, used 598336K [0x0000000080000000, 0x00000000a4880000, 0x00000000d5580000)
  object space 598528K, 99% used [0x0000000080000000,0x00000000a4850360,0x00000000a4880000)
 Metaspace       used 78673K, committed 80256K, reserved 1179648K
  class space    used 9374K, committed 10112K, reserved 1048576K
}
Event: 58.385 GC heap before
{Heap before GC invocations=791 (full 3):
 PSYoungGen      total 2048K, used 2048K [0x00000000d5580000, 0x00000000d5800000, 0x0000000100000000)
  eden space 1536K, 100% used [0x00000000d5580000,0x00000000d5700000,0x00000000d5700000)
  from space 512K, 100% used [0x00000000d5700000,0x00000000d5780000,0x00000000d5780000)
  to   space 512K, 0% used [0x00000000d5780000,0x00000000d5780000,0x00000000d5800000)
 ParOldGen       total 598528K, used 598336K [0x0000000080000000, 0x00000000a4880000, 0x00000000d5580000)
  object space 598528K, 99% used [0x0000000080000000,0x00000000a4850360,0x00000000a4880000)
 Metaspace       used 78673K, committed 80256K, reserved 1179648K
  class space    used 9374K, committed 10112K, reserved 1048576K
}
Event: 60.391 GC heap after
{Heap after GC invocations=791 (full 3):
 PSYoungGen      total 2048K, used 512K [0x00000000d5580000, 0x00000000d5800000, 0x0000000100000000)
  eden space 1536K, 0% used [0x00000000d5580000,0x00000000d5580000,0x00000000d5700000)
  from space 512K, 100% used [0x00000000d5780000,0x00000000d5800000,0x00000000d5800000)
  to   space 512K, 0% used [0x00000000d5700000,0x00000000d5700000,0x00000000d5780000)
 ParOldGen       total 599040K, used 598888K [0x0000000080000000, 0x00000000a4900000, 0x00000000d5580000)
  object space 599040K, 99% used [0x0000000080000000,0x00000000a48da360,0x00000000a4900000)
 Metaspace       used 78673K, committed 80256K, reserved 1179648K
  class space    used 9374K, committed 10112K, reserved 1048576K
}
Event: 60.393 GC heap before
{Heap before GC invocations=792 (full 3):
 PSYoungGen      total 2048K, used 2048K [0x00000000d5580000, 0x00000000d5800000, 0x0000000100000000)
  eden space 1536K, 100% used [0x00000000d5580000,0x00000000d5700000,0x00000000d5700000)
  from space 512K, 100% used [0x00000000d5780000,0x00000000d5800000,0x00000000d5800000)
  to   space 512K, 0% used [0x00000000d5700000,0x00000000d5700000,0x00000000d5780000)
 ParOldGen       total 599040K, used 598888K [0x0000000080000000, 0x00000000a4900000, 0x00000000d5580000)
  object space 599040K, 99% used [0x0000000080000000,0x00000000a48da360,0x00000000a4900000)
 Metaspace       used 78673K, committed 80256K, reserved 1179648K
  class space    used 9374K, committed 10112K, reserved 1048576K
}
Event: 62.396 GC heap after
{Heap after GC invocations=792 (full 3):
 PSYoungGen      total 2048K, used 512K [0x00000000d5580000, 0x00000000d5800000, 0x0000000100000000)
  eden space 1536K, 0% used [0x00000000d5580000,0x00000000d5580000,0x00000000d5700000)
  from space 512K, 100% used [0x00000000d5700000,0x00000000d5780000,0x00000000d5780000)
  to   space 512K, 0% used [0x00000000d5780000,0x00000000d5780000,0x00000000d5800000)
 ParOldGen       total 599552K, used 599432K [0x0000000080000000, 0x00000000a4980000, 0x00000000d5580000)
  object space 599552K, 99% used [0x0000000080000000,0x00000000a4962360,0x00000000a4980000)
 Metaspace       used 78673K, committed 80256K, reserved 1179648K
  class space    used 9374K, committed 10112K, reserved 1048576K
}
Event: 62.398 GC heap before
{Heap before GC invocations=793 (full 3):
 PSYoungGen      total 2048K, used 1927K [0x00000000d5580000, 0x00000000d5800000, 0x0000000100000000)
  eden space 1536K, 92% used [0x00000000d5580000,0x00000000d56e1e38,0x00000000d5700000)
  from space 512K, 100% used [0x00000000d5700000,0x00000000d5780000,0x00000000d5780000)
  to   space 512K, 0% used [0x00000000d5780000,0x00000000d5780000,0x00000000d5800000)
 ParOldGen       total 599552K, used 599432K [0x0000000080000000, 0x00000000a4980000, 0x00000000d5580000)
  object space 599552K, 99% used [0x0000000080000000,0x00000000a4962360,0x00000000a4980000)
 Metaspace       used 78675K, committed 80256K, reserved 1179648K
  class space    used 9375K, committed 10112K, reserved 1048576K
}
Event: 62.400 GC heap after
{Heap after GC invocations=793 (full 3):
 PSYoungGen      total 1024K, used 512K [0x00000000d5580000, 0x00000000d5a80000, 0x0000000100000000)
  eden space 512K, 0% used [0x00000000d5580000,0x00000000d5580000,0x00000000d5600000)
  from space 512K, 100% used [0x00000000d5780000,0x00000000d5800000,0x00000000d5800000)
  to   space 1536K, 0% used [0x00000000d5600000,0x00000000d5600000,0x00000000d5780000)
 ParOldGen       total 600064K, used 599928K [0x0000000080000000, 0x00000000a4a00000, 0x00000000d5580000)
  object space 600064K, 99% used [0x0000000080000000,0x00000000a49de360,0x00000000a4a00000)
 Metaspace       used 78675K, committed 80256K, reserved 1179648K
  class space    used 9375K, committed 10112K, reserved 1048576K
}
Event: 62.400 GC heap before
{Heap before GC invocations=794 (full 3):
 PSYoungGen      total 1024K, used 1024K [0x00000000d5580000, 0x00000000d5a80000, 0x0000000100000000)
  eden space 512K, 100% used [0x00000000d5580000,0x00000000d5600000,0x00000000d5600000)
  from space 512K, 100% used [0x00000000d5780000,0x00000000d5800000,0x00000000d5800000)
  to   space 1536K, 0% used [0x00000000d5600000,0x00000000d5600000,0x00000000d5780000)
 ParOldGen       total 600064K, used 599928K [0x0000000080000000, 0x00000000a4a00000, 0x00000000d5580000)
  object space 600064K, 99% used [0x0000000080000000,0x00000000a49de360,0x00000000a4a00000)
 Metaspace       used 78676K, committed 80256K, reserved 1179648K
  class space    used 9375K, committed 10112K, reserved 1048576K
}
Event: 62.401 GC heap after
{Heap after GC invocations=794 (full 3):
 PSYoungGen      total 2048K, used 777K [0x00000000d5580000, 0x00000000d5880000, 0x0000000100000000)
  eden space 512K, 0% used [0x00000000d5580000,0x00000000d5580000,0x00000000d5600000)
  from space 1536K, 50% used [0x00000000d5600000,0x00000000d56c2790,0x00000000d5780000)
  to   space 1024K, 0% used [0x00000000d5780000,0x00000000d5780000,0x00000000d5880000)
 ParOldGen       total 600576K, used 600424K [0x0000000080000000, 0x00000000a4a80000, 0x00000000d5580000)
  object space 600576K, 99% used [0x0000000080000000,0x00000000a4a5a360,0x00000000a4a80000)
 Metaspace       used 78676K, committed 80256K, reserved 1179648K
  class space    used 9375K, committed 10112K, reserved 1048576K
}
Event: 62.402 GC heap before
{Heap before GC invocations=795 (full 3):
 PSYoungGen      total 2048K, used 1289K [0x00000000d5580000, 0x00000000d5880000, 0x0000000100000000)
  eden space 512K, 100% used [0x00000000d5580000,0x00000000d5600000,0x00000000d5600000)
  from space 1536K, 50% used [0x00000000d5600000,0x00000000d56c2790,0x00000000d5780000)
  to   space 1024K, 0% used [0x00000000d5780000,0x00000000d5780000,0x00000000d5880000)
 ParOldGen       total 600576K, used 600424K [0x0000000080000000, 0x00000000a4a80000, 0x00000000d5580000)
  object space 600576K, 99% used [0x0000000080000000,0x00000000a4a5a360,0x00000000a4a80000)
 Metaspace       used 78677K, committed 80256K, reserved 1179648K
  class space    used 9375K, committed 10112K, reserved 1048576K
}
Event: 62.404 GC heap after
{Heap after GC invocations=795 (full 3):
 PSYoungGen      total 2048K, used 651K [0x00000000d5580000, 0x00000000d5880000, 0x0000000100000000)
  eden space 1024K, 0% used [0x00000000d5580000,0x00000000d5580000,0x00000000d5680000)
  from space 1024K, 63% used [0x00000000d5780000,0x00000000d5822fe8,0x00000000d5880000)
  to   space 1024K, 0% used [0x00000000d5680000,0x00000000d5680000,0x00000000d5780000)
 ParOldGen       total 601088K, used 600994K [0x0000000080000000, 0x00000000a4b00000, 0x00000000d5580000)
  object space 601088K, 99% used [0x0000000080000000,0x00000000a4ae8af0,0x00000000a4b00000)
 Metaspace       used 78677K, committed 80256K, reserved 1179648K
  class space    used 9375K, committed 10112K, reserved 1048576K
}
Event: 62.406 GC heap before
{Heap before GC invocations=796 (full 3):
 PSYoungGen      total 2048K, used 1675K [0x00000000d5580000, 0x00000000d5880000, 0x0000000100000000)
  eden space 1024K, 100% used [0x00000000d5580000,0x00000000d5680000,0x00000000d5680000)
  from space 1024K, 63% used [0x00000000d5780000,0x00000000d5822fe8,0x00000000d5880000)
  to   space 1024K, 0% used [0x00000000d5680000,0x00000000d5680000,0x00000000d5780000)
 ParOldGen       total 601088K, used 600994K [0x0000000080000000, 0x00000000a4b00000, 0x00000000d5580000)
  object space 601088K, 99% used [0x0000000080000000,0x00000000a4ae8af0,0x00000000a4b00000)
 Metaspace       used 78677K, committed 80256K, reserved 1179648K
  class space    used 9375K, committed 10112K, reserved 1048576K
}
Event: 62.406 GC heap after
{Heap after GC invocations=796 (full 3):
 PSYoungGen      total 2048K, used 1024K [0x00000000d5580000, 0x00000000d5b00000, 0x0000000100000000)
  eden space 1024K, 0% used [0x00000000d5580000,0x00000000d5580000,0x00000000d5680000)
  from space 1024K, 100% used [0x00000000d5680000,0x00000000d5780000,0x00000000d5780000)
  to   space 2048K, 0% used [0x00000000d5900000,0x00000000d5900000,0x00000000d5b00000)
 ParOldGen       total 601600K, used 601574K [0x0000000080000000, 0x00000000a4b80000, 0x00000000d5580000)
  object space 601600K, 99% used [0x0000000080000000,0x00000000a4b79ad8,0x00000000a4b80000)
 Metaspace       used 78677K, committed 80256K, reserved 1179648K
  class space    used 9375K, committed 10112K, reserved 1048576K
}
Event: 62.409 GC heap before
{Heap before GC invocations=797 (full 3):
 PSYoungGen      total 2048K, used 2048K [0x00000000d5580000, 0x00000000d5b00000, 0x0000000100000000)
  eden space 1024K, 100% used [0x00000000d5580000,0x00000000d5680000,0x00000000d5680000)
  from space 1024K, 100% used [0x00000000d5680000,0x00000000d5780000,0x00000000d5780000)
  to   space 2048K, 0% used [0x00000000d5900000,0x00000000d5900000,0x00000000d5b00000)
 ParOldGen       total 601600K, used 601574K [0x0000000080000000, 0x00000000a4b80000, 0x00000000d5580000)
  object space 601600K, 99% used [0x0000000080000000,0x00000000a4b79ad8,0x00000000a4b80000)
 Metaspace       used 78677K, committed 80256K, reserved 1179648K
  class space    used 9375K, committed 10112K, reserved 1048576K
}
Event: 62.410 GC heap after
{Heap after GC invocations=797 (full 3):
 PSYoungGen      total 3072K, used 1184K [0x00000000d5580000, 0x00000000d5a80000, 0x0000000100000000)
  eden space 1536K, 0% used [0x00000000d5580000,0x00000000d5580000,0x00000000d5700000)
  from space 1536K, 77% used [0x00000000d5900000,0x00000000d5a28000,0x00000000d5a80000)
  to   space 1536K, 0% used [0x00000000d5780000,0x00000000d5780000,0x00000000d5900000)
 ParOldGen       total 602624K, used 602590K [0x0000000080000000, 0x00000000a4c80000, 0x00000000d5580000)
  object space 602624K, 99% used [0x0000000080000000,0x00000000a4c77ad8,0x00000000a4c80000)
 Metaspace       used 78677K, committed 80256K, reserved 1179648K
  class space    used 9375K, committed 10112K, reserved 1048576K
}
Event: 62.415 GC heap before
{Heap before GC invocations=798 (full 3):
 PSYoungGen      total 3072K, used 2720K [0x00000000d5580000, 0x00000000d5a80000, 0x0000000100000000)
  eden space 1536K, 100% used [0x00000000d5580000,0x00000000d5700000,0x00000000d5700000)
  from space 1536K, 77% used [0x00000000d5900000,0x00000000d5a28000,0x00000000d5a80000)
  to   space 1536K, 0% used [0x00000000d5780000,0x00000000d5780000,0x00000000d5900000)
 ParOldGen       total 602624K, used 602590K [0x0000000080000000, 0x00000000a4c80000, 0x00000000d5580000)
  object space 602624K, 99% used [0x0000000080000000,0x00000000a4c77ad8,0x00000000a4c80000)
 Metaspace       used 78677K, committed 80256K, reserved 1179648K
  class space    used 9375K, committed 10112K, reserved 1048576K
}
Event: 62.417 GC heap after
{Heap after GC invocations=798 (full 3):
 PSYoungGen      total 3584K, used 1536K [0x00000000d5580000, 0x00000000d5d80000, 0x0000000100000000)
  eden space 2048K, 0% used [0x00000000d5580000,0x00000000d5580000,0x00000000d5780000)
  from space 1536K, 100% used [0x00000000d5780000,0x00000000d5900000,0x00000000d5900000)
  to   space 3072K, 0% used [0x00000000d5a80000,0x00000000d5a80000,0x00000000d5d80000)
 ParOldGen       total 604160K, used 603654K [0x0000000080000000, 0x00000000a4e00000, 0x00000000d5580000)
  object space 604160K, 99% used [0x0000000080000000,0x00000000a4d81ad8,0x00000000a4e00000)
 Metaspace       used 78677K, committed 80256K, reserved 1179648K
  class space    used 9375K, committed 10112K, reserved 1048576K
}
Event: 62.422 GC heap before
{Heap before GC invocations=799 (full 3):
 PSYoungGen      total 3584K, used 3566K [0x00000000d5580000, 0x00000000d5d80000, 0x0000000100000000)
  eden space 2048K, 99% used [0x00000000d5580000,0x00000000d577bad8,0x00000000d5780000)
  from space 1536K, 100% used [0x00000000d5780000,0x00000000d5900000,0x00000000d5900000)
  to   space 3072K, 0% used [0x00000000d5a80000,0x00000000d5a80000,0x00000000d5d80000)
 ParOldGen       total 604160K, used 603654K [0x0000000080000000, 0x00000000a4e00000, 0x00000000d5580000)
  object space 604160K, 99% used [0x0000000080000000,0x00000000a4d81ad8,0x00000000a4e00000)
 Metaspace       used 78677K, committed 80256K, reserved 1179648K
  class space    used 9375K, committed 10112K, reserved 1048576K
}
Event: 63.424 GC heap after
{Heap after GC invocations=799 (full 3):
 PSYoungGen      total 5120K, used 2129K [0x00000000d5580000, 0x00000000d5d00000, 0x0000000100000000)
  eden space 2560K, 0% used [0x00000000d5580000,0x00000000d5580000,0x00000000d5800000)
  from space 2560K, 83% used [0x00000000d5a80000,0x00000000d5c94630,0x00000000d5d00000)
  to   space 2560K, 0% used [0x00000000d5800000,0x00000000d5800000,0x00000000d5a80000)
 ParOldGen       total 605696K, used 605214K [0x0000000080000000, 0x00000000a4f80000, 0x00000000d5580000)
  object space 605696K, 99% used [0x0000000080000000,0x00000000a4f07ad8,0x00000000a4f80000)
 Metaspace       used 78677K, committed 80256K, reserved 1179648K
  class space    used 9375K, committed 10112K, reserved 1048576K
}
Event: 63.431 GC heap before
{Heap before GC invocations=800 (full 3):
 PSYoungGen      total 5120K, used 4689K [0x00000000d5580000, 0x00000000d5d00000, 0x0000000100000000)
  eden space 2560K, 100% used [0x00000000d5580000,0x00000000d5800000,0x00000000d5800000)
  from space 2560K, 83% used [0x00000000d5a80000,0x00000000d5c94630,0x00000000d5d00000)
  to   space 2560K, 0% used [0x00000000d5800000,0x00000000d5800000,0x00000000d5a80000)
 ParOldGen       total 605696K, used 605214K [0x0000000080000000, 0x00000000a4f80000, 0x00000000d5580000)
  object space 605696K, 99% used [0x0000000080000000,0x00000000a4f07ad8,0x00000000a4f80000)
 Metaspace       used 78694K, committed 80320K, reserved 1179648K
  class space    used 9375K, committed 10112K, reserved 1048576K
}

